Changes detected in my_file.txt
[main 8a20c6f] actualizacion de archivo
 1 file changed, 2 insertions(+)
To https://github.com/jonma0107/NotaLibre
   62d3914..8a20c6f  HEAD -> main
Changes committed and pushed.
Changes detected in my_file.txt
[main 912ff33] actualizacion de archivo
 1 file changed, 3 insertions(+), 1 deletion(-)
To https://github.com/jonma0107/NotaLibre
   8a20c6f..912ff33  HEAD -> main
Changes committed and pushed.
stat: cannot statx 'my_file.txt': No such file or directory
Changes detected in my_file.txt
[main e002d96] actualizacion de archivo
 1 file changed, 13 deletions(-)
 delete mode 100644 my_file.txt
To https://github.com/jonma0107/NotaLibre
   02ca720..e002d96  HEAD -> main
Changes committed and pushed.
stat: cannot statx 'my_file.txt': No such file or directory
stat: cannot statx 'my_file.txt': No such file or directory
stat: cannot statx 'my_file.txt': No such file or directory
stat: cannot statx 'my_file.txt': No such file or directory
stat: cannot statx 'my_file.txt': No such file or directory
stat: cannot statx 'my_file.txt': No such file or directory
stat: cannot statx 'my_file.txt': No such file or directory
stat: cannot statx 'my_file.txt': No such file or directory
stat: cannot statx 'my_file.txt': No such file or directory
stat: cannot statx 'my_file.txt': No such file or directory
stat: cannot statx 'my_file.txt': No such file or directory
stat: cannot statx 'my_file.txt': No such file or directory
stat: cannot statx 'my_file.txt': No such file or directory
stat: cannot statx 'my_file.txt': No such file or directory
stat: cannot statx 'my_file.txt': No such file or directory
stat: cannot statx 'my_file.txt': No such file or directory
stat: cannot statx 'my_file.txt': No such file or directory
stat: cannot statx 'my_file.txt': No such file or directory
stat: cannot statx 'my_file.txt': No such file or directory
stat: cannot statx 'my_file.txt': No such file or directory
stat: cannot statx 'my_file.txt': No such file or directory
stat: cannot statx 'my_file.txt': No such file or directory
stat: cannot statx 'my_file.txt': No such file or directory
stat: cannot statx 'my_file.txt': No such file or directory
stat: cannot statx 'my_file.txt': No such file or directory
stat: cannot statx 'my_file.txt': No such file or directory
stat: cannot statx 'my_file.txt': No such file or directory
stat: cannot statx 'my_file.txt': No such file or directory
stat: cannot statx 'my_file.txt': No such file or directory
stat: cannot statx 'my_file.txt': No such file or directory
stat: cannot statx 'my_file.txt': No such file or directory
stat: cannot statx 'my_file.txt': No such file or directory
stat: cannot statx 'my_file.txt': No such file or directory
stat: cannot statx 'my_file.txt': No such file or directory
stat: cannot statx 'my_file.txt': No such file or directory
stat: cannot statx 'my_file.txt': No such file or directory
stat: cannot statx 'my_file.txt': No such file or directory
stat: cannot statx 'my_file.txt': No such file or directory
stat: cannot statx 'my_file.txt': No such file or directory
stat: cannot statx 'my_file.txt': No such file or directory
stat: cannot statx 'my_file.txt': No such file or directory
stat: cannot statx 'my_file.txt': No such file or directory
stat: cannot statx 'my_file.txt': No such file or directory
stat: cannot statx 'my_file.txt': No such file or directory
stat: cannot statx 'my_file.txt': No such file or directory
stat: cannot statx 'my_file.txt': No such file or directory
stat: cannot statx 'my_file.txt': No such file or directory
stat: cannot statx 'my_file.txt': No such file or directory
stat: cannot statx 'my_file.txt': No such file or directory
stat: cannot statx 'my_file.txt': No such file or directory
stat: cannot statx 'my_file.txt': No such file or directory
stat: cannot statx 'my_file.txt': No such file or directory
stat: cannot statx 'my_file.txt': No such file or directory
stat: cannot statx 'my_file.txt': No such file or directory
stat: cannot statx 'my_file.txt': No such file or directory
stat: cannot statx 'my_file.txt': No such file or directory
stat: cannot statx 'my_file.txt': No such file or directory
stat: cannot statx 'my_file.txt': No such file or directory
stat: cannot statx 'my_file.txt': No such file or directory
stat: cannot statx 'my_file.txt': No such file or directory
stat: cannot statx 'my_file.txt': No such file or directory
stat: cannot statx 'my_file.txt': No such file or directory
stat: cannot statx 'my_file.txt': No such file or directory
stat: cannot statx 'my_file.txt': No such file or directory
stat: cannot statx 'my_file.txt': No such file or directory
stat: cannot statx 'my_file.txt': No such file or directory
stat: cannot statx 'my_file.txt': No such file or directory
stat: cannot statx 'my_file.txt': No such file or directory
stat: cannot statx 'my_file.txt': No such file or directory
stat: cannot statx 'my_file.txt': No such file or directory
stat: cannot statx 'my_file.txt': No such file or directory
stat: cannot statx 'my_file.txt': No such file or directory
stat: cannot statx 'my_file.txt': No such file or directory
stat: cannot statx 'my_file.txt': No such file or directory
stat: cannot statx 'my_file.txt': No such file or directory
stat: cannot statx 'my_file.txt': No such file or directory
stat: cannot statx 'my_file.txt': No such file or directory
stat: cannot statx 'my_file.txt': No such file or directory
stat: cannot statx 'my_file.txt': No such file or directory
stat: cannot statx 'my_file.txt': No such file or directory
stat: cannot statx 'my_file.txt': No such file or directory
stat: cannot statx 'my_file.txt': No such file or directory
stat: cannot statx 'my_file.txt': No such file or directory
stat: cannot statx 'my_file.txt': No such file or directory
